<?xml version="1.0" encoding="UTF-8"?>
<testng-results skipped="0" failed="0" ignored="0" total="1" passed="1">
  <reporter-output>
  </reporter-output>
  <suite name="Page.TestFacebookHomepage" duration-ms="13293" started-at="2017-01-03T18:03:55Z" finished-at="2017-01-03T18:04:08Z">
    <groups>
    </groups>
    <test name="Command line test" duration-ms="13293" started-at="2017-01-03T18:03:55Z" finished-at="2017-01-03T18:04:08Z">
      <class name="Page.TestFacebookHomepage">
        <test-method status="PASS" signature="setUp()[pri:0, instance:Page.TestFacebookHomepage@3567135c]" name="setUp" is-config="true" duration-ms="3828" started-at="2017-01-03T13:03:55Z" finished-at="2017-01-03T13:03:59Z">
          <reporter-output>
          </reporter-output>
        </test-method> <!-- setUp -->
        <test-method status="PASS" signature="testFacebookHomepage()[pri:0, instance:Page.TestFacebookHomepage@3567135c]" name="testFacebookHomepage" duration-ms="7229" started-at="2017-01-03T13:03:59Z" finished-at="2017-01-03T13:04:06Z">
          <reporter-output>
          </reporter-output>
        </test-method> <!-- testFacebookHomepage -->
        <test-method status="PASS" signature="tearDown()[pri:0, instance:Page.TestFacebookHomepage@3567135c]" name="tearDown" is-config="true" duration-ms="2167" started-at="2017-01-03T13:04:06Z" finished-at="2017-01-03T13:04:08Z">
          <reporter-output>
          </reporter-output>
        </test-method> <!-- tearDown -->
      </class> <!-- Page.TestFacebookHomepage -->
    </test> <!-- Command line test -->
  </suite> <!-- Page.TestFacebookHomepage -->
</testng-results>
