<?xml version="1.0" encoding="UTF-8"?>
<testng-results skipped="0" failed="0" ignored="0" total="1" passed="1">
  <reporter-output>
  </reporter-output>
  <suite name="Page.TestAlibabaHomepage" duration-ms="24672" started-at="2017-01-03T18:02:35Z" finished-at="2017-01-03T18:03:00Z">
    <groups>
    </groups>
    <test name="Command line test" duration-ms="24672" started-at="2017-01-03T18:02:35Z" finished-at="2017-01-03T18:03:00Z">
      <class name="Page.TestAlibabaHomepage">
        <test-method status="PASS" signature="setUp()[pri:0, instance:Page.TestAlibabaHomepage@3567135c]" name="setUp" is-config="true" duration-ms="3386" started-at="2017-01-03T13:02:35Z" finished-at="2017-01-03T13:02:39Z">
          <reporter-output>
          </reporter-output>
        </test-method> <!-- setUp -->
        <test-method status="PASS" signature="testAlibabaHomepage()[pri:0, instance:Page.TestAlibabaHomepage@3567135c]" name="testAlibabaHomepage" duration-ms="20846" started-at="2017-01-03T13:02:39Z" finished-at="2017-01-03T13:02:59Z">
          <reporter-output>
          </reporter-output>
        </test-method> <!-- testAlibabaHomepage -->
        <test-method status="PASS" signature="tearDown()[pri:0, instance:Page.TestAlibabaHomepage@3567135c]" name="tearDown" is-config="true" duration-ms="413" started-at="2017-01-03T13:02:59Z" finished-at="2017-01-03T13:03:00Z">
          <reporter-output>
          </reporter-output>
        </test-method> <!-- tearDown -->
      </class> <!-- Page.TestAlibabaHomepage -->
    </test> <!-- Command line test -->
  </suite> <!-- Page.TestAlibabaHomepage -->
</testng-results>
