<?xml version="1.0" encoding="UTF-8"?>
<!-- Generated by org.testng.reporters.JUnitXMLReporter -->
<testsuite hostname="mbp.local" ignored="0" name="Page" tests="4" failures="0" timestamp="29 Jan 2017 01:25:47 GMT" time="58.58" errors="0">
  <testcase name="testUserLogin" time="12.347" classname="Page.TestUserLogin"/>
  <testcase name="search" time="15.978" classname="Page.TestSearchItemsByExcel"/>
  <testcase name="testTopNav" time="3.087" classname="Page.TestHomePage"/>
  <testcase name="DropDownMenu" time="8.414" classname="Page.TestDropdownMenus"/>
</testsuite> <!-- Page -->
