<?xml version="1.0" encoding="UTF-8"?>
<!-- Generated by org.testng.reporters.JUnitXMLReporter -->
<testsuite hostname="mbp.local" ignored="0" name="Page" tests="4" failures="2" timestamp="28 Jan 2017 20:02:28 GMT" time="48.137" errors="0">
  <testcase name="testUserLogin" time="12.25" classname="Page.TestUserLogin"/>
  <testcase name="search" time="1.725" classname="Page.TestSearchItemsByExcel">
    <failure type="java.lang.NullPointerException">
      <![CDATA[java.lang.NullPointerException
	at PageFactorySearch.SearchItems.searchFor(SearchItems.java:32)
	at Page.TestSearchItemsByExcel.search(TestSearchItemsByExcel.java:27)
... Removed 28 stack frames]]>
    </failure>
  </testcase> <!-- search -->
  <testcase name="testTopNav" time="1.222" classname="Page.TestHomePage"/>
  <testcase name="DropDownMenu" time="0.054" classname="Page.TestDropdownMenus">
    <failure type="org.openqa.selenium.ElementNotVisibleException" message="Element is not visible
Build info: version: &amp;apos;3.0.1&amp;apos;, revision: &amp;apos;1969d75&amp;apos;, time: &amp;apos;2016-10-18 09:49:13 -0700&amp;apos;
System info: host: &amp;apos;mbp.local&amp;apos;, ip: &amp;apos;10.1.10.15&amp;apos;, os.name: &amp;apos;Mac OS X&amp;apos;, os.arch: &amp;apos;x86_64&amp;apos;, os.version: &amp;apos;10.12.2&amp;apos;, java.version: &amp;apos;1.8.0_112&amp;apos;
Driver info: org.openqa.selenium.firefox.FirefoxDriver
Capabilities [{rotatable=false, raisesAccessibilityExceptions=false, marionette=true, firefoxOptions={args=[], prefs={}}, appBuildId=20160502172042, version=, platform=MAC, proxy={}, specificationLevel=1, acceptSslCerts=false, browserVersion=46.0.1, platformVersion=16.3.0, XULappId={ec8030f7-c20a-464f-9b0e-13a3a9e97384}, browserName=Firefox, takesScreenshot=true, takesElementScreenshot=true, platformName=Darwin, device=desktop}]
Session ID: 7e19eb43-ee8b-3a43-805b-03ad8c01ba18">
      <![CDATA[org.openqa.selenium.ElementNotVisibleException: Element is not visible
Build info: version: '3.0.1', revision: '1969d75', time: '2016-10-18 09:49:13 -0700'
System info: host: 'mbp.local', ip: '10.1.10.15', os.name: 'Mac OS X', os.arch: 'x86_64', os.version: '10.12.2', java.version: '1.8.0_112'
Driver info: org.openqa.selenium.firefox.FirefoxDriver
Capabilities [{rotatable=false, raisesAccessibilityExceptions=false, marionette=true, firefoxOptions={args=[], prefs={}}, appBuildId=20160502172042, version=, platform=MAC, proxy={}, specificationLevel=1, acceptSslCerts=false, browserVersion=46.0.1, platformVersion=16.3.0, XULappId={ec8030f7-c20a-464f-9b0e-13a3a9e97384}, browserName=Firefox, takesScreenshot=true, takesElementScreenshot=true, platformName=Darwin, device=desktop}]
Session ID: 7e19eb43-ee8b-3a43-805b-03ad8c01ba18
	at org.openqa.selenium.remote.http.W3CHttpResponseCodec.createException(W3CHttpResponseCodec.java:127)
	at org.openqa.selenium.remote.http.W3CHttpResponseCodec.decode(W3CHttpResponseCodec.java:93)
	at org.openqa.selenium.remote.http.W3CHttpResponseCodec.decode(W3CHttpResponseCodec.java:42)
	at org.openqa.selenium.remote.HttpCommandExecutor.execute(HttpCommandExecutor.java:163)
	at org.openqa.selenium.remote.service.DriverCommandExecutor.execute(DriverCommandExecutor.java:82)
	at org.openqa.selenium.remote.RemoteWebDriver.execute(RemoteWebDriver.java:601)
	at org.openqa.selenium.remote.RemoteWebElement.execute(RemoteWebElement.java:274)
	at org.openqa.selenium.remote.RemoteWebElement.click(RemoteWebElement.java:84)
	at org.openqa.selenium.support.pagefactory.internal.LocatingElementHandler.invoke(LocatingElementHandler.java:51)
	at com.sun.proxy.$Proxy7.click(Unknown Source)
	at BBMethods.BBCommonAPI.refuseMailingListOption(BBCommonAPI.java:31)
	at Page.TestDropdownMenus.DropDownMenu(TestDropdownMenus.java:16)
... Removed 36 stack frames]]>
    </failure>
  </testcase> <!-- DropDownMenu -->
</testsuite> <!-- Page -->
