<?xml version="1.0" encoding="UTF-8"?>
<!-- Generated by org.testng.reporters.JUnitReportReporter -->
<testsuite name="SearchItems.SearchItemsByDataProvider" tests="3" time="0.000" ignored="0" failures="0" timestamp="28 Jan 2017 19:28:02 GMT" skipped="3" hostname="Test" errors="0">
  <testcase name="searchUsingDataProvider" time="0.000" classname="SearchItems.SearchItemsByDataProvider">
    <skipped/>
  </testcase> <!-- searchUsingDataProvider -->
  <testcase name="searchUsingDataProvider" time="0.000" classname="SearchItems.SearchItemsByDataProvider">
    <skipped/>
  </testcase> <!-- searchUsingDataProvider -->
  <testcase name="searchUsingDataProvider" time="0.000" classname="SearchItems.SearchItemsByDataProvider">
    <skipped/>
  </testcase> <!-- searchUsingDataProvider -->
</testsuite> <!-- SearchItems.SearchItemsByDataProvider -->
