<?xml version="1.0" encoding="UTF-8"?>
<!-- Generated by org.testng.reporters.JUnitXMLReporter -->
<testsuite hostname="MSI" ignored="0" name="Facebook Home Page" tests="6" failures="0" timestamp="29 Jan 2017 17:47:22 GMT" time="53.187" errors="0">
  <testcase name="InputID" time="4.43" classname="Page.TestLandingPage"/>
  <testcase name="InputFirstName" time="1.858" classname="Page.TestFacebookHomepage"/>
  <testcase name="InputLastName" time="1.897" classname="Page.TestFacebookHomepage"/>
  <testcase name="InputEmail" time="1.898" classname="Page.TestFacebookHomepage"/>
  <testcase name="InputNewPass" time="2.088" classname="Page.TestFacebookHomepage"/>
  <testcase name="InputBirthday" time="6.28" classname="Page.TestFacebookHomepage"/>
</testsuite> <!-- Facebook Home Page -->
