<?xml version="1.0" encoding="UTF-8"?>
<testng-results skipped="0" failed="0" ignored="0" total="1" passed="1">
  <reporter-output>
  </reporter-output>
  <suite name="Page.TestCitibankHomepage" duration-ms="19839" started-at="2017-01-03T18:03:30Z" finished-at="2017-01-03T18:03:50Z">
    <groups>
    </groups>
    <test name="Command line test" duration-ms="19839" started-at="2017-01-03T18:03:30Z" finished-at="2017-01-03T18:03:50Z">
      <class name="Page.TestCitibankHomepage">
        <test-method status="PASS" signature="setUp()[pri:0, instance:Page.TestCitibankHomepage@3567135c]" name="setUp" is-config="true" duration-ms="3895" started-at="2017-01-03T13:03:31Z" finished-at="2017-01-03T13:03:34Z">
          <reporter-output>
          </reporter-output>
        </test-method> <!-- setUp -->
        <test-method status="PASS" signature="testCitibankHomepage()[pri:0, instance:Page.TestCitibankHomepage@3567135c]" name="testCitibankHomepage" duration-ms="13237" started-at="2017-01-03T13:03:34Z" finished-at="2017-01-03T13:03:48Z">
          <reporter-output>
          </reporter-output>
        </test-method> <!-- testCitibankHomepage -->
        <test-method status="PASS" signature="tearDown()[pri:0, instance:Page.TestCitibankHomepage@3567135c]" name="tearDown" is-config="true" duration-ms="2613" started-at="2017-01-03T13:03:48Z" finished-at="2017-01-03T13:03:50Z">
          <reporter-output>
          </reporter-output>
        </test-method> <!-- tearDown -->
      </class> <!-- Page.TestCitibankHomepage -->
    </test> <!-- Command line test -->
  </suite> <!-- Page.TestCitibankHomepage -->
</testng-results>
