<?xml version="1.0" encoding="UTF-8"?>
<testng-results skipped="0" failed="0" ignored="0" total="1" passed="1">
  <reporter-output>
  </reporter-output>
  <suite name="Page.TestLIJHomepage" duration-ms="12113" started-at="2017-01-03T18:04:12Z" finished-at="2017-01-03T18:04:24Z">
    <groups>
    </groups>
    <test name="Command line test" duration-ms="12113" started-at="2017-01-03T18:04:12Z" finished-at="2017-01-03T18:04:24Z">
      <class name="Page.TestLIJHomepage">
        <test-method status="PASS" signature="setUp()[pri:0, instance:Page.TestLIJHomepage@3567135c]" name="setUp" is-config="true" duration-ms="3581" started-at="2017-01-03T13:04:12Z" finished-at="2017-01-03T13:04:16Z">
          <reporter-output>
          </reporter-output>
        </test-method> <!-- setUp -->
        <test-method status="PASS" signature="testLIJHomepage()[pri:0, instance:Page.TestLIJHomepage@3567135c]" name="testLIJHomepage" duration-ms="8150" started-at="2017-01-03T13:04:16Z" finished-at="2017-01-03T13:04:24Z">
          <reporter-output>
          </reporter-output>
        </test-method> <!-- testLIJHomepage -->
        <test-method status="PASS" signature="tearDown()[pri:0, instance:Page.TestLIJHomepage@3567135c]" name="tearDown" is-config="true" duration-ms="341" started-at="2017-01-03T13:04:24Z" finished-at="2017-01-03T13:04:24Z">
          <reporter-output>
          </reporter-output>
        </test-method> <!-- tearDown -->
      </class> <!-- Page.TestLIJHomepage -->
    </test> <!-- Command line test -->
  </suite> <!-- Page.TestLIJHomepage -->
</testng-results>
