<?xml version="1.0" encoding="UTF-8"?>
<testng-results skipped="0" failed="0" ignored="0" total="1" passed="1">
  <reporter-output>
  </reporter-output>
  <suite name="Page.TestCnnHomepage" duration-ms="27462" started-at="2017-01-03T23:35:16Z" finished-at="2017-01-03T23:35:43Z">
    <groups>
    </groups>
    <test name="Command line test" duration-ms="27462" started-at="2017-01-03T23:35:16Z" finished-at="2017-01-03T23:35:43Z">
      <class name="Page.TestCnnHomepage">
        <test-method status="PASS" signature="setUp()[pri:0, instance:Page.TestCnnHomepage@3567135c]" name="setUp" is-config="true" duration-ms="3581" started-at="2017-01-03T18:35:16Z" finished-at="2017-01-03T18:35:19Z">
          <reporter-output>
          </reporter-output>
        </test-method> <!-- setUp -->
        <test-method status="PASS" signature="testCnnHomepage()[pri:0, instance:Page.TestCnnHomepage@3567135c]" name="testCnnHomepage" duration-ms="20854" started-at="2017-01-03T18:35:19Z" finished-at="2017-01-03T18:35:40Z">
          <reporter-output>
          </reporter-output>
        </test-method> <!-- testCnnHomepage -->
        <test-method status="PASS" signature="tearDown()[pri:0, instance:Page.TestCnnHomepage@3567135c]" name="tearDown" is-config="true" duration-ms="2983" started-at="2017-01-03T18:35:40Z" finished-at="2017-01-03T18:35:43Z">
          <reporter-output>
          </reporter-output>
        </test-method> <!-- tearDown -->
      </class> <!-- Page.TestCnnHomepage -->
    </test> <!-- Command line test -->
  </suite> <!-- Page.TestCnnHomepage -->
</testng-results>
