<?xml version="1.0" encoding="UTF-8"?>
<testng-results skipped="0" failed="0" ignored="0" total="1" passed="1">
  <reporter-output>
  </reporter-output>
  <suite name="Page.TestCnnHomepage" duration-ms="10848" started-at="2017-01-23T03:22:31Z" finished-at="2017-01-23T03:22:41Z">
    <groups>
    </groups>
    <test name="Command line test" duration-ms="10848" started-at="2017-01-23T03:22:31Z" finished-at="2017-01-23T03:22:41Z">
      <class name="Page.TestCnnHomepage">
        <test-method status="PASS" signature="setUp(boolean, java.lang.String, java.lang.String, java.lang.String, java.lang.String, java.lang.String, java.lang.String)[pri:0, instance:Page.TestCnnHomepage@6537cf78]" name="setUp" is-config="true" duration-ms="3639" started-at="2017-01-22T22:22:31Z" finished-at="2017-01-22T22:22:34Z">
          <params>
            <param index="0">
              <value>
                <![CDATA[false]]>
              </value>
            </param>
            <param index="1">
              <value>
                <![CDATA[]]>
              </value>
            </param>
            <param index="2">
              <value>
                <![CDATA[Windows 8]]>
              </value>
            </param>
            <param index="3">
              <value>
                <![CDATA[firefox]]>
              </value>
            </param>
            <param index="4">
              <value>
                <![CDATA[46]]>
              </value>
            </param>
            <param index="5">
              <value>
                <![CDATA[]]>
              </value>
            </param>
            <param index="6">
              <value>
                <![CDATA[BestBuy]]>
              </value>
            </param>
          </params>
          <reporter-output>
          </reporter-output>
        </test-method> <!-- setUp -->
        <test-method status="PASS" signature="testCnnHomepage()[pri:0, instance:Page.TestCnnHomepage@6537cf78]" name="testCnnHomepage" duration-ms="6985" started-at="2017-01-22T22:22:34Z" finished-at="2017-01-22T22:22:41Z">
          <reporter-output>
          </reporter-output>
        </test-method> <!-- testCnnHomepage -->
        <test-method status="PASS" signature="tearDown()[pri:0, instance:Page.TestCnnHomepage@6537cf78]" name="tearDown" is-config="true" duration-ms="208" started-at="2017-01-22T22:22:41Z" finished-at="2017-01-22T22:22:41Z">
          <reporter-output>
          </reporter-output>
        </test-method> <!-- tearDown -->
      </class> <!-- Page.TestCnnHomepage -->
    </test> <!-- Command line test -->
  </suite> <!-- Page.TestCnnHomepage -->
</testng-results>
