<?xml version="1.0" encoding="UTF-8"?>
<testng-results skipped="0" failed="0" ignored="0" total="4" passed="4">
  <reporter-output>
  </reporter-output>
  <suite name="Tsunami on Chrome Firefox" duration-ms="58580" started-at="2017-01-29T01:24:49Z" finished-at="2017-01-29T01:25:47Z">
    <groups>
    </groups>
    <test name="Page" duration-ms="58580" started-at="2017-01-29T01:24:49Z" finished-at="2017-01-29T01:25:47Z">
      <class name="Page.TestUserLogin">
        <test-method status="PASS" signature="setUp(boolean, java.lang.String, java.lang.String, java.lang.String, java.lang.String, java.lang.String, java.lang.String, java.lang.String, java.lang.String)[pri:0, instance:Page.TestUserLogin@15975490]" name="setUp" is-config="true" duration-ms="4762" started-at="2017-01-28T20:24:49Z" finished-at="2017-01-28T20:24:53Z">
          <params>
            <param index="0">
              <value>
                <![CDATA[false]]>
              </value>
            </param>
            <param index="1">
              <value>
                <![CDATA[Browserstack]]>
              </value>
            </param>
            <param index="2">
              <value>
                <![CDATA[OS X]]>
              </value>
            </param>
            <param index="3">
              <value>
                <![CDATA[firefox]]>
              </value>
            </param>
            <param index="4">
              <value>
                <![CDATA[46]]>
              </value>
            </param>
            <param index="5">
              <value>
                <![CDATA[http://www.bestbuy.com]]>
              </value>
            </param>
            <param index="6">
              <value>
                <![CDATA[TestBestBuyApp]]>
              </value>
            </param>
            <param index="7">
              <value>
                <![CDATA[Sierra]]>
              </value>
            </param>
            <param index="8">
              <value>
                <![CDATA[1024x768]]>
              </value>
            </param>
          </params>
          <reporter-output>
          </reporter-output>
        </test-method> <!-- setUp -->
        <test-method status="PASS" signature="testUserLogin()[pri:0, instance:Page.TestUserLogin@15975490]" name="testUserLogin" duration-ms="12347" started-at="2017-01-28T20:24:53Z" finished-at="2017-01-28T20:25:06Z">
          <reporter-output>
          </reporter-output>
        </test-method> <!-- testUserLogin -->
        <test-method status="PASS" signature="tearDown()[pri:0, instance:Page.TestUserLogin@15975490]" name="tearDown" is-config="true" duration-ms="212" started-at="2017-01-28T20:25:06Z" finished-at="2017-01-28T20:25:06Z">
          <reporter-output>
          </reporter-output>
        </test-method> <!-- tearDown -->
      </class> <!-- Page.TestUserLogin -->
      <class name="Page.TestDropdownMenus">
        <test-method status="PASS" signature="setUp(boolean, java.lang.String, java.lang.String, java.lang.String, java.lang.String, java.lang.String, java.lang.String, java.lang.String, java.lang.String)[pri:0, instance:Page.TestDropdownMenus@6615435c]" name="setUp" is-config="true" duration-ms="4014" started-at="2017-01-28T20:25:35Z" finished-at="2017-01-28T20:25:39Z">
          <params>
            <param index="0">
              <value>
                <![CDATA[false]]>
              </value>
            </param>
            <param index="1">
              <value>
                <![CDATA[Browserstack]]>
              </value>
            </param>
            <param index="2">
              <value>
                <![CDATA[OS X]]>
              </value>
            </param>
            <param index="3">
              <value>
                <![CDATA[firefox]]>
              </value>
            </param>
            <param index="4">
              <value>
                <![CDATA[46]]>
              </value>
            </param>
            <param index="5">
              <value>
                <![CDATA[http://www.bestbuy.com]]>
              </value>
            </param>
            <param index="6">
              <value>
                <![CDATA[TestBestBuyApp]]>
              </value>
            </param>
            <param index="7">
              <value>
                <![CDATA[Sierra]]>
              </value>
            </param>
            <param index="8">
              <value>
                <![CDATA[1024x768]]>
              </value>
            </param>
          </params>
          <reporter-output>
          </reporter-output>
        </test-method> <!-- setUp -->
        <test-method status="PASS" signature="DropDownMenu()[pri:0, instance:Page.TestDropdownMenus@6615435c]" name="DropDownMenu" duration-ms="8414" started-at="2017-01-28T20:25:39Z" finished-at="2017-01-28T20:25:47Z">
          <reporter-output>
          </reporter-output>
        </test-method> <!-- DropDownMenu -->
        <test-method status="PASS" signature="tearDown()[pri:0, instance:Page.TestDropdownMenus@6615435c]" name="tearDown" is-config="true" duration-ms="141" started-at="2017-01-28T20:25:47Z" finished-at="2017-01-28T20:25:47Z">
          <reporter-output>
          </reporter-output>
        </test-method> <!-- tearDown -->
      </class> <!-- Page.TestDropdownMenus -->
      <class name="Page.TestSearchItemsByExcel">
        <test-method status="PASS" signature="setUp(boolean, java.lang.String, java.lang.String, java.lang.String, java.lang.String, java.lang.String, java.lang.String, java.lang.String, java.lang.String)[pri:0, instance:Page.TestSearchItemsByExcel@6b143ee9]" name="setUp" is-config="true" duration-ms="5164" started-at="2017-01-28T20:25:06Z" finished-at="2017-01-28T20:25:11Z">
          <params>
            <param index="0">
              <value>
                <![CDATA[false]]>
              </value>
            </param>
            <param index="1">
              <value>
                <![CDATA[Browserstack]]>
              </value>
            </param>
            <param index="2">
              <value>
                <![CDATA[OS X]]>
              </value>
            </param>
            <param index="3">
              <value>
                <![CDATA[firefox]]>
              </value>
            </param>
            <param index="4">
              <value>
                <![CDATA[46]]>
              </value>
            </param>
            <param index="5">
              <value>
                <![CDATA[http://www.bestbuy.com]]>
              </value>
            </param>
            <param index="6">
              <value>
                <![CDATA[TestBestBuyApp]]>
              </value>
            </param>
            <param index="7">
              <value>
                <![CDATA[Sierra]]>
              </value>
            </param>
            <param index="8">
              <value>
                <![CDATA[1024x768]]>
              </value>
            </param>
          </params>
          <reporter-output>
          </reporter-output>
        </test-method> <!-- setUp -->
        <test-method status="PASS" signature="search()[pri:0, instance:Page.TestSearchItemsByExcel@6b143ee9]" name="search" duration-ms="15978" started-at="2017-01-28T20:25:11Z" finished-at="2017-01-28T20:25:27Z">
          <reporter-output>
          </reporter-output>
        </test-method> <!-- search -->
        <test-method status="PASS" signature="tearDown()[pri:0, instance:Page.TestSearchItemsByExcel@6b143ee9]" name="tearDown" is-config="true" duration-ms="196" started-at="2017-01-28T20:25:27Z" finished-at="2017-01-28T20:25:27Z">
          <reporter-output>
          </reporter-output>
        </test-method> <!-- tearDown -->
      </class> <!-- Page.TestSearchItemsByExcel -->
      <class name="Page.TestHomePage">
        <test-method status="PASS" signature="setUp(boolean, java.lang.String, java.lang.String, java.lang.String, java.lang.String, java.lang.String, java.lang.String, java.lang.String, java.lang.String)[pri:0, instance:Page.TestHomePage@1936f0f5]" name="setUp" is-config="true" duration-ms="4092" started-at="2017-01-28T20:25:27Z" finished-at="2017-01-28T20:25:31Z">
          <params>
            <param index="0">
              <value>
                <![CDATA[false]]>
              </value>
            </param>
            <param index="1">
              <value>
                <![CDATA[Browserstack]]>
              </value>
            </param>
            <param index="2">
              <value>
                <![CDATA[OS X]]>
              </value>
            </param>
            <param index="3">
              <value>
                <![CDATA[firefox]]>
              </value>
            </param>
            <param index="4">
              <value>
                <![CDATA[46]]>
              </value>
            </param>
            <param index="5">
              <value>
                <![CDATA[http://www.bestbuy.com]]>
              </value>
            </param>
            <param index="6">
              <value>
                <![CDATA[TestBestBuyApp]]>
              </value>
            </param>
            <param index="7">
              <value>
                <![CDATA[Sierra]]>
              </value>
            </param>
            <param index="8">
              <value>
                <![CDATA[1024x768]]>
              </value>
            </param>
          </params>
          <reporter-output>
          </reporter-output>
        </test-method> <!-- setUp -->
        <test-method status="PASS" signature="testTopNav()[pri:0, instance:Page.TestHomePage@1936f0f5]" name="testTopNav" duration-ms="3087" started-at="2017-01-28T20:25:31Z" finished-at="2017-01-28T20:25:34Z">
          <reporter-output>
          </reporter-output>
        </test-method> <!-- testTopNav -->
        <test-method status="PASS" signature="tearDown()[pri:0, instance:Page.TestHomePage@1936f0f5]" name="tearDown" is-config="true" duration-ms="137" started-at="2017-01-28T20:25:34Z" finished-at="2017-01-28T20:25:35Z">
          <reporter-output>
          </reporter-output>
        </test-method> <!-- tearDown -->
      </class> <!-- Page.TestHomePage -->
    </test> <!-- Page -->
  </suite> <!-- Tsunami on Chrome Firefox -->
</testng-results>
