<?xml version="1.0" encoding="UTF-8"?>
<testng-results skipped="0" failed="0" ignored="0" total="1" passed="1">
  <reporter-output>
  </reporter-output>
  <suite name="Page.TestBestbuyHomepage" duration-ms="16058" started-at="2017-01-03T18:04:28Z" finished-at="2017-01-03T18:04:44Z">
    <groups>
    </groups>
    <test name="Command line test" duration-ms="16058" started-at="2017-01-03T18:04:28Z" finished-at="2017-01-03T18:04:44Z">
      <class name="Page.TestBestbuyHomepage">
        <test-method status="PASS" signature="setUp()[pri:0, instance:Page.TestBestbuyHomepage@3567135c]" name="setUp" is-config="true" duration-ms="3652" started-at="2017-01-03T13:04:28Z" finished-at="2017-01-03T13:04:31Z">
          <reporter-output>
          </reporter-output>
        </test-method> <!-- setUp -->
        <test-method status="PASS" signature="testBestbuyHomepage()[pri:0, instance:Page.TestBestbuyHomepage@3567135c]" name="testBestbuyHomepage" duration-ms="10155" started-at="2017-01-03T13:04:31Z" finished-at="2017-01-03T13:04:41Z">
          <reporter-output>
          </reporter-output>
        </test-method> <!-- testBestbuyHomepage -->
        <test-method status="PASS" signature="tearDown()[pri:0, instance:Page.TestBestbuyHomepage@3567135c]" name="tearDown" is-config="true" duration-ms="2216" started-at="2017-01-03T13:04:41Z" finished-at="2017-01-03T13:04:44Z">
          <reporter-output>
          </reporter-output>
        </test-method> <!-- tearDown -->
      </class> <!-- Page.TestBestbuyHomepage -->
    </test> <!-- Command line test -->
  </suite> <!-- Page.TestBestbuyHomepage -->
</testng-results>
