<?xml version="1.0" encoding="UTF-8"?>
<testsuite xmlns:xsi="http://www.w3.org/2001/XMLSchema-instance" xsi:schemaLocation="https://maven.apache.org/surefire/maven-surefire-plugin/xsd/surefire-test-report.xsd" name="TestSuite" time="48.559" tests="4" errors="0" skipped="0" failures="2">
  <properties>
[...]
</properties>
  <testcase name="testUserLogin" classname="Page.TestUserLogin" time="12.251"/>
  <testcase name="search" classname="Page.TestSearchItemsByExcel" time="1.735">
    <failure type="java.lang.NullPointerException">java.lang.NullPointerException
	at Page.TestSearchItemsByExcel.search(TestSearchItemsByExcel.java:27)
</failure>
    <system-err><![CDATA[&amp#7;[NPAPI 905] ###!!! ABORT: Aborting on channel error.: file /builds/slave/m-rel-m64-00000000000000000000/build/src/ipc/glue/MessageChannel.cpp, line 1857
[NPAPI 905] ###!!! ABORT: Aborting on channel error.: file /builds/slave/m-rel-m64-00000000000000000000/build/src/ipc/glue/MessageChannel.cpp, line 1857
Jan 28, 2017 3:01:59 PM org.openqa.selenium.remote.ProtocolHandshake createSession
INFO: Attempting bi-dialect session, assuming Postel's Law holds true on the remote end
1485633719562	geckodriver	INFO	Listening on 127.0.0.1:47548
1485633719567	mozprofile::profile	INFO	Using profile path /var/folders/4h/fms1325s1_v01nbsn953sd500000gn/T/rust_mozprofile.x1O7nACCPr7z
1485633719569	geckodriver::marionette	INFO	Starting browser /Applications/Firefox.app/Contents/MacOS/firefox-bin
1485633719573	geckodriver::marionette	INFO	Connecting to Marionette on localhost:53816
[warn] kq_init: detected broken kqueue; not using.: Undefined error: 0
1485633720543	Marionette	INFO	Listening on port 53816
Jan 28, 2017 3:02:04 PM org.openqa.selenium.remote.ProtocolHandshake createSession
INFO: Detected dialect: W3C
JavaScript warning: http://js.bbystatic.com/timeline-web/timeline-1.2.3-inline.6.js, line 22: mutating the [[Prototype]] of an object will cause your code to run very slowly; instead create the object with the correct initial [[Prototype]] value using Object.create
JavaScript warning: http://images.bestbuy.com/BestBuy_US/store/js/jQuery/plugins/ku4j-min.js, line 5: unreachable code after return statement
JavaScript warning: http://images.bestbuy.com/BestBuy_US/store/js/jQuery/plugins/ku4j-min.js, line 5: unreachable code after return statement
JavaScript warning: http://images.bestbuy.com/BestBuy_US/store/js/jQuery/plugins/ku4j-min.js, line 5: unreachable code after return statement
JavaScript warning: http://images.bestbuy.com/BestBuy_US/store/js/jQuery/plugins/ku4j-min.js, line 5: unreachable code after return statement
JavaScript warning: http://images.bestbuy.com/BestBuy_US/store/js/bby-cart.js, line 532: unreachable code after return statement
JavaScript error: http://www.bestbuy.com/, line 5: ReferenceError: osdlfm is not defined
JavaScript error: http://www.bestbuy.com/, line 7: ReferenceError: osdlfm is not defined
]]></system-err>
  </testcase>
  <testcase name="testTopNav" classname="Page.TestHomePage" time="1.222"/>
  <testcase name="DropDownMenu" classname="Page.TestDropdownMenus" time="0.058">
    <failure message="Element is not visible&#10;Build info: version: &apos;3.0.1&apos;, revision: &apos;1969d75&apos;, time: &apos;2016-10-18 09:49:13 -0700&apos;&#10;System info: host: &apos;mbp.local&apos;, ip: &apos;10.1.10.15&apos;, os.name: &apos;Mac OS X&apos;, os.arch: &apos;x86_64&apos;, os.version: &apos;10.12.2&apos;, java.version: &apos;1.8.0_112&apos;&#10;Driver info: org.openqa.selenium.firefox.FirefoxDriver&#10;Capabilities [{rotatable=false, raisesAccessibilityExceptions=false, marionette=true, firefoxOptions={args=[], prefs={}}, appBuildId=20160502172042, version=, platform=MAC, proxy={}, specificationLevel=1, acceptSslCerts=false, browserVersion=46.0.1, platformVersion=16.3.0, XULappId={ec8030f7-c20a-464f-9b0e-13a3a9e97384}, browserName=Firefox, takesScreenshot=true, takesElementScreenshot=true, platformName=Darwin, device=desktop}]&#10;Session ID: 7e19eb43-ee8b-3a43-805b-03ad8c01ba18" type="org.openqa.selenium.ElementNotVisibleException">org.openqa.selenium.ElementNotVisibleException: 
Element is not visible
Build info: version: '3.0.1', revision: '1969d75', time: '2016-10-18 09:49:13 -0700'
System info: host: 'mbp.local', ip: '10.1.10.15', os.name: 'Mac OS X', os.arch: 'x86_64', os.version: '10.12.2', java.version: '1.8.0_112'
Driver info: org.openqa.selenium.firefox.FirefoxDriver
Capabilities [{rotatable=false, raisesAccessibilityExceptions=false, marionette=true, firefoxOptions={args=[], prefs={}}, appBuildId=20160502172042, version=, platform=MAC, proxy={}, specificationLevel=1, acceptSslCerts=false, browserVersion=46.0.1, platformVersion=16.3.0, XULappId={ec8030f7-c20a-464f-9b0e-13a3a9e97384}, browserName=Firefox, takesScreenshot=true, takesElementScreenshot=true, platformName=Darwin, device=desktop}]
Session ID: 7e19eb43-ee8b-3a43-805b-03ad8c01ba18
	at Page.TestDropdownMenus.DropDownMenu(TestDropdownMenus.java:16)
</failure>
    <system-err><![CDATA[1485633738083	geckodriver	INFO	Listening on 127.0.0.1:42766
Jan 28, 2017 3:02:18 PM org.openqa.selenium.remote.ProtocolHandshake createSession
INFO: Attempting bi-dialect session, assuming Postel's Law holds true on the remote end
1485633738197	mozprofile::profile	INFO	Using profile path /var/folders/4h/fms1325s1_v01nbsn953sd500000gn/T/rust_mozprofile.mUCBXepBCvAM
1485633738199	geckodriver::marionette	INFO	Starting browser /Applications/Firefox.app/Contents/MacOS/firefox-bin
1485633738202	geckodriver::marionette	INFO	Connecting to Marionette on localhost:54415
[warn] kq_init: detected broken kqueue; not using.: Undefined error: 0
1485633739433	Marionette	INFO	Listening on port 54415
Jan 28, 2017 3:02:24 PM org.openqa.selenium.remote.ProtocolHandshake createSession
INFO: Detected dialect: W3C
JavaScript warning: http://js.bbystatic.com/timeline-web/timeline-1.2.3-inline.6.js, line 22: mutating the [[Prototype]] of an object will cause your code to run very slowly; instead create the object with the correct initial [[Prototype]] value using Object.create
JavaScript warning: http://images.bestbuy.com/BestBuy_US/store/js/jQuery/plugins/ku4j-min.js, line 5: unreachable code after return statement
JavaScript warning: http://images.bestbuy.com/BestBuy_US/store/js/jQuery/plugins/ku4j-min.js, line 5: unreachable code after return statement
JavaScript warning: http://images.bestbuy.com/BestBuy_US/store/js/jQuery/plugins/ku4j-min.js, line 5: unreachable code after return statement
JavaScript warning: http://images.bestbuy.com/BestBuy_US/store/js/jQuery/plugins/ku4j-min.js, line 5: unreachable code after return statement
JavaScript warning: http://images.bestbuy.com/BestBuy_US/store/js/bby-cart.js, line 532: unreachable code after return statement
]]></system-err>
  </testcase>
</testsuite>